2018-09-21 20:20:15 [scrapy.utils.log] INFO: Scrapy 1.5.1 started (bot: web_scraper)
2018-09-21 20:20:15 [scrapy.utils.log] INFO: Versions: lxml 3.5.0.0, libxml2 2.9.3, cssselect 1.0.3, parsel 1.5.0, w3lib 1.19.0, Twisted 18.7.0, Python 3.5.2 (default, Nov 23 2017, 16:37:01) - [GCC 5.4.0 20160609], pyOpenSSL 18.0.0 (OpenSSL 1.0.2g  1 Mar 2016), cryptography 2.3.1, Platform Linux-4.4.0-134-generic-x86_64-with-Ubuntu-16.04-xenial
2018-09-21 20:20:15 [scrapy.crawler] INFO: Overridden settings: {'ROBOTSTXT_OBEY': True, 'USER_AGENT': 'Mozilla/5.0 (compatible; Googlebot/2.1; +http://www.google.com/bot.html)', 'BOT_NAME': 'web_scraper', 'LOG_FILE': 'logs/default/snapdeal_spider/bdb1a846bddb11e8845c1c1b0d43b184.log', 'NEWSPIDER_MODULE': 'web_scraper.spiders', 'SPIDER_MODULES': ['web_scraper.spiders']}
2018-09-21 20:20:15 [scrapy.middleware] INFO: Enabled extensions:
['scrapy.extensions.memusage.MemoryUsage',
 'scrapy.extensions.logstats.LogStats',
 'scrapy.extensions.corestats.CoreStats',
 'scrapy.extensions.telnet.TelnetConsole']
2018-09-21 20:20:15 [scrapy.middleware] INFO: Enabled downloader middlewares:
['scrapy.downloadermiddlewares.robotstxt.RobotsTxtMiddleware',
 'scrapy.downloadermiddlewares.httpauth.HttpAuthMiddleware',
 'scrapy.downloadermiddlewares.downloadtimeout.DownloadTimeoutMiddleware',
 'scrapy.downloadermiddlewares.defaultheaders.DefaultHeadersMiddleware',
 'scrapy.downloadermiddlewares.useragent.UserAgentMiddleware',
 'scrapy.downloadermiddlewares.retry.RetryMiddleware',
 'scrapy.downloadermiddlewares.redirect.MetaRefreshMiddleware',
 'scrapy.downloadermiddlewares.httpcompression.HttpCompressionMiddleware',
 'scrapy.downloadermiddlewares.redirect.RedirectMiddleware',
 'scrapy.downloadermiddlewares.cookies.CookiesMiddleware',
 'scrapy.downloadermiddlewares.httpproxy.HttpProxyMiddleware',
 'scrapy.downloadermiddlewares.stats.DownloaderStats']
2018-09-21 20:20:15 [scrapy.middleware] INFO: Enabled spider middlewares:
['scrapy.spidermiddlewares.httperror.HttpErrorMiddleware',
 'scrapy.spidermiddlewares.offsite.OffsiteMiddleware',
 'scrapy.spidermiddlewares.referer.RefererMiddleware',
 'scrapy.spidermiddlewares.urllength.UrlLengthMiddleware',
 'scrapy.spidermiddlewares.depth.DepthMiddleware']
2018-09-21 20:20:15 [scrapy.middleware] INFO: Enabled item pipelines:
['web_scraper.pipelines.WebScraperPipeline']
2018-09-21 20:20:15 [scrapy.core.engine] INFO: Spider opened
2018-09-21 20:20:15 [scrapy.extensions.logstats] INFO: Crawled 0 pages (at 0 pages/min), scraped 0 items (at 0 items/min)
2018-09-21 20:20:15 [scrapy.extensions.telnet] DEBUG: Telnet console listening on 127.0.0.1:6023
2018-09-21 20:20:15 [scrapy.core.engine] DEBUG: Crawled (200) <GET https://www.snapdeal.com/robots.txt> (referer: None)
2018-09-21 20:20:15 [scrapy.downloadermiddlewares.robotstxt] DEBUG: Forbidden by robots.txt: <GET https://www.snapdeal.com/search?keyword=iphone%20x&sort=rlvncy>
2018-09-21 20:20:16 [scrapy.core.engine] INFO: Closing spider (finished)
2018-09-21 20:20:16 [scrapy.statscollectors] INFO: Dumping Scrapy stats:
{'downloader/exception_count': 1,
 'downloader/exception_type_count/scrapy.exceptions.IgnoreRequest': 1,
 'downloader/request_bytes': 263,
 'downloader/request_count': 1,
 'downloader/request_method_count/GET': 1,
 'downloader/response_bytes': 2158,
 'downloader/response_count': 1,
 'downloader/response_status_count/200': 1,
 'finish_reason': 'finished',
 'finish_time': datetime.datetime(2018, 9, 21, 20, 20, 16, 36319),
 'log_count/DEBUG': 3,
 'log_count/INFO': 7,
 'memusage/max': 70414336,
 'memusage/startup': 70414336,
 'response_received_count': 1,
 'scheduler/dequeued': 1,
 'scheduler/dequeued/memory': 1,
 'scheduler/enqueued': 1,
 'scheduler/enqueued/memory': 1,
 'start_time': datetime.datetime(2018, 9, 21, 20, 20, 15, 320890)}
2018-09-21 20:20:16 [scrapy.core.engine] INFO: Spider closed (finished)
